<?xml version="1.0" encoding="UTF-8"?>
<testng-results skipped="0" failed="0" total="1" passed="1">
  <reporter-output>
  </reporter-output>
  <suite name="Default suite" duration-ms="30066" started-at="2019-03-28T09:50:23Z" finished-at="2019-03-28T09:50:53Z">
    <groups>
    </groups>
    <test name="Default test" duration-ms="30066" started-at="2019-03-28T09:50:23Z" finished-at="2019-03-28T09:50:53Z">
      <class name="report.CreateReports">
        <test-method status="PASS" signature="beforeClass()[pri:0, instance:report.CreateReports@acaea5]" name="beforeClass" is-config="true" duration-ms="3128" started-at="2019-03-28T15:20:23Z" finished-at="2019-03-28T15:20:26Z">
          <reporter-output>
          </reporter-output>
        </test-method> <!-- beforeClass -->
        <test-method status="PASS" signature="f()[pri:0, instance:report.CreateReports@acaea5]" name="f" duration-ms="21739" started-at="2019-03-28T15:20:26Z" finished-at="2019-03-28T15:20:48Z">
          <reporter-output>
          </reporter-output>
        </test-method> <!-- f -->
        <test-method status="PASS" signature="afterClass()[pri:0, instance:report.CreateReports@acaea5]" name="afterClass" is-config="true" duration-ms="5036" started-at="2019-03-28T15:20:48Z" finished-at="2019-03-28T15:20:53Z">
          <reporter-output>
          </reporter-output>
        </test-method> <!-- afterClass -->
      </class> <!-- report.CreateReports -->
    </test> <!-- Default test -->
  </suite> <!-- Default suite -->
</testng-results>
